Arguments: 
  C:\Program Files\nodejs\node.exe C:\Users\faiza\AppData\Roaming\npm\node_modules\yarn\bin\yarn.js add @theme-ui/presets

PATH: 
  C:\Windows\system32;C:\Windows;C:\Windows\System32\Wbem;C:\Windows\System32\WindowsPowerShell\v1.0\;C:\Windows\System32\OpenSSH\;C:\Program Files\Git\cmd;C:\ProgramData\chocolatey\bin;C:\Program Files\nodejs\;C:\Program Files\OpenJDK\openjdk-8u292-b10\bin;C:\Users\faiza\AppData\Local\Microsoft\WindowsApps;C:\Users\faiza\AppData\Local\Programs\Microsoft VS Code\bin;C:\Users\faiza\AppData\Roaming\npm;C:\Users\faiza\AppData\Local\Android\Sdk;C:\OpenSSL\bin;C:\Users\faiza\AppData\Local\Android\Sdk\platform-tools;C:\Users\faiza\Downloads\php-8.0.9-nts-Win32-vs16-x64;C:\Users\faiza\composer;C:\Users\faiza\AppData\Roaming\Composer\vendor\bin;C:\Users\faiza\Downloads\php-7.4.22-nts-Win32-vc15-x64;C:\Users\faiza\AppData\Local\ComposerSetup\bin

Yarn version: 
  1.22.10

Node version: 
  16.4.2

Platform: 
  win32 x64

Trace: 
  Error: https://registry.yarnpkg.com/date-fns/-/date-fns-2.24.0.tgz: ESOCKETTIMEDOUT
      at ClientRequest.<anonymous> (C:\Users\faiza\AppData\Roaming\npm\node_modules\yarn\lib\cli.js:141289:19)
      at Object.onceWrapper (node:events:513:28)
      at ClientRequest.emit (node:events:394:28)
      at TLSSocket.emitRequestTimeout (node:_http_client:761:9)
      at Object.onceWrapper (node:events:513:28)
      at TLSSocket.emit (node:events:406:35)
      at TLSSocket.Socket._onTimeout (node:net:476:8)
      at listOnTimeout (node:internal/timers:557:17)
      at processTimers (node:internal/timers:500:7)

npm manifest: 
  {
    "name": "my-gatsby-site",
    "version": "1.0.0",
    "private": true,
    "description": "My Gatsby Site",
    "author": "faizan",
    "keywords": [
      "gatsby"
    ],
    "scripts": {
      "develop": "gatsby develop",
      "start": "gatsby develop",
      "build": "gatsby build",
      "serve": "gatsby serve",
      "clean": "gatsby clean"
    },
    "dependencies": {
      "gatsby": "^3.13.1",
      "gatsby-plugin-netlify-cms": "^5.14.0",
      "gatsby-plugin-theme-ui": "^0.11.2",
      "netlify-cms-app": "^2.15.44",
      "react": "^17.0.1",
      "react-dom": "^17.0.1",
      "theme-ui": "^0.11.2"
    }
  }

yarn manifest: 
  No manifest

Lockfile: 
  No lockfile
